[0m13:44:43.143937 [debug] [MainThread]: Sending event: {'category': 'dbt', 'action': 'invocation', 'label': 'start', 'context': [<snowplow_tracker.self_describing_json.SelfDescribingJson object at 0x0000028872E0EE50>, <snowplow_tracker.self_describing_json.SelfDescribingJson object at 0x0000028874D12FD0>, <snowplow_tracker.self_describing_json.SelfDescribingJson object at 0x0000028874D12C10>]}


============================== 13:44:43.151856 | f2ff05fe-fed1-4e87-98ad-45ad7cea1dd8 ==============================
[0m13:44:43.151856 [info ] [MainThread]: Running with dbt=1.11.8
[0m13:44:43.153859 [debug] [MainThread]: running dbt with arguments {'static_parser': 'True', 'no_print': 'None', 'version_check': 'True', 'warn_error_options': 'WarnErrorOptionsV2(error=[], warn=[], silence=[])', 'target_path': 'None', 'printer_width': '80', 'write_json': 'True', 'empty': 'None', 'log_cache_events': 'False', 'introspect': 'True', 'cache_selected_only': 'False', 'fail_fast': 'False', 'debug': 'False', 'log_format': 'default', 'profiles_dir': 'C:\\Users\\argon\\.dbt', 'send_anonymous_usage_stats': 'True', 'quiet': 'False', 'warn_error': 'None', 'partial_parse': 'True', 'invocation_command': 'dbt init dbt_tileset', 'use_colors': 'True', 'indirect_selection': 'eager', 'use_experimental_parser': 'False', 'log_path': 'logs'}
[0m13:44:43.197985 [debug] [MainThread]: Starter project path: C:\Users\argon\Documents\Desktop Prime\Portfolio\tileset\venv\Lib\site-packages\dbt\include\starter_project
[0m13:44:43.319312 [info ] [MainThread]: 
Your new dbt project "dbt_tileset" was created!

For more information on how to configure the profiles.yml file,
please consult the dbt documentation here:

  https://docs.getdbt.com/docs/configure-your-profile

One more thing:

Need help? Don't hesitate to reach out to us via GitHub issues or on Slack:

  https://community.getdbt.com/

Happy modeling!

[0m13:44:43.322311 [info ] [MainThread]: Setting up your profile.
[0m13:44:51.245278 [debug] [MainThread]: Spark adapter: Setting pyhive.hive logging to ERROR
[0m13:44:51.245278 [debug] [MainThread]: Spark adapter: Setting thrift.transport logging to ERROR
[0m13:44:51.246280 [debug] [MainThread]: Spark adapter: Setting thrift.protocol logging to ERROR
[0m13:52:38.052181 [info ] [MainThread]: Profile dbt_tileset written to C:\Users\argon\.dbt\profiles.yml using target's profile_template.yml and your supplied values. Run 'dbt debug' to validate the connection.
[0m13:52:38.055185 [debug] [MainThread]: Command `dbt init` succeeded at 13:52:38.055185 after 475.07 seconds
[0m13:52:38.056182 [debug] [MainThread]: Sending event: {'category': 'dbt', 'action': 'invocation', 'label': 'end', 'context': [<snowplow_tracker.self_describing_json.SelfDescribingJson object at 0x0000028874D1D290>, <snowplow_tracker.self_describing_json.SelfDescribingJson object at 0x0000028874D1C890>, <snowplow_tracker.self_describing_json.SelfDescribingJson object at 0x0000028874D1D210>]}
[0m13:52:38.057184 [debug] [MainThread]: Flushing usage events
[0m13:52:38.298147 [debug] [MainThread]: An error was encountered while trying to flush usage events
[0m13:53:26.847338 [debug] [MainThread]: Sending event: {'category': 'dbt', 'action': 'invocation', 'label': 'start', 'context': [<snowplow_tracker.self_describing_json.SelfDescribingJson object at 0x00000205564FEE90>, <snowplow_tracker.self_describing_json.SelfDescribingJson object at 0x00000205564FE350>, <snowplow_tracker.self_describing_json.SelfDescribingJson object at 0x00000205564FE490>]}


============================== 13:53:26.856342 | fe1a24a6-035d-4203-a0d2-f9238d0bf2fc ==============================
[0m13:53:26.856342 [info ] [MainThread]: Running with dbt=1.11.8
[0m13:53:26.858126 [debug] [MainThread]: running dbt with arguments {'static_parser': 'True', 'no_print': 'None', 'version_check': 'True', 'target_path': 'None', 'warn_error_options': 'WarnErrorOptionsV2(error=[], warn=[], silence=[])', 'printer_width': '80', 'write_json': 'True', 'empty': 'None', 'log_cache_events': 'False', 'introspect': 'True', 'cache_selected_only': 'False', 'fail_fast': 'False', 'debug': 'False', 'log_format': 'default', 'profiles_dir': 'C:\\Users\\argon/.dbt', 'send_anonymous_usage_stats': 'True', 'quiet': 'False', 'warn_error': 'None', 'partial_parse': 'True', 'indirect_selection': 'eager', 'use_colors': 'True', 'invocation_command': 'dbt debug --profiles-dir ~/.dbt', 'use_experimental_parser': 'False', 'log_path': 'logs'}
[0m13:53:26.891688 [info ] [MainThread]: dbt version: 1.11.8
[0m13:53:26.892692 [info ] [MainThread]: python version: 3.11.9
[0m13:53:26.893682 [info ] [MainThread]: python path: C:\Users\argon\Documents\Desktop Prime\Portfolio\tileset\venv\Scripts\python.exe
[0m13:53:26.894995 [info ] [MainThread]: os info: Windows-10-10.0.26200-SP0
[0m13:53:28.097753 [debug] [MainThread]: Spark adapter: Setting pyhive.hive logging to ERROR
[0m13:53:28.098752 [debug] [MainThread]: Spark adapter: Setting thrift.transport logging to ERROR
[0m13:53:28.100740 [debug] [MainThread]: Spark adapter: Setting thrift.protocol logging to ERROR
[0m13:53:29.210638 [info ] [MainThread]: Error importing adapter: No module named 'dbt.adapters.duckdb'
[0m13:53:29.213636 [info ] [MainThread]: Error importing adapter: No module named 'dbt.adapters.duckdb'
[0m13:53:29.213636 [info ] [MainThread]: Using profiles dir at C:\Users\argon/.dbt
[0m13:53:29.214896 [info ] [MainThread]: Using profiles.yml file at C:\Users\argon/.dbt\profiles.yml
[0m13:53:29.215581 [info ] [MainThread]: Using dbt_project.yml file at C:\Users\argon\Documents\Desktop Prime\Portfolio\tileset\dbt_project.yml
[0m13:53:29.216595 [info ] [MainThread]: Configuration:
[0m13:53:29.216595 [info ] [MainThread]:   profiles.yml file [[31mERROR invalid[0m]
[0m13:53:29.217592 [info ] [MainThread]:   dbt_project.yml file [[31mERROR not found[0m]
[0m13:53:29.217592 [info ] [MainThread]: Required dependencies:
[0m13:53:29.218593 [debug] [MainThread]: Executing "git --help"
[0m13:53:29.286547 [debug] [MainThread]: STDOUT: "b"usage: git [-v | --version] [-h | --help] [-C <path>] [-c <name>=<value>]\n           [--exec-path[=<path>]] [--html-path] [--man-path] [--info-path]\n           [-p | --paginate | -P | --no-pager] [--no-replace-objects] [--no-lazy-fetch]\n           [--no-optional-locks] [--no-advice] [--bare] [--git-dir=<path>]\n           [--work-tree=<path>] [--namespace=<name>] [--config-env=<name>=<envvar>]\n           <command> [<args>]\n\nThese are common Git commands used in various situations:\n\nstart a working area (see also: git help tutorial)\n   clone      Clone a repository into a new directory\n   init       Create an empty Git repository or reinitialize an existing one\n\nwork on the current change (see also: git help everyday)\n   add        Add file contents to the index\n   mv         Move or rename a file, a directory, or a symlink\n   restore    Restore working tree files\n   rm         Remove files from the working tree and from the index\n\nexamine the history and state (see also: git help revisions)\n   bisect     Use binary search to find the commit that introduced a bug\n   diff       Show changes between commits, commit and working tree, etc\n   grep       Print lines matching a pattern\n   log        Show commit logs\n   show       Show various types of objects\n   status     Show the working tree status\n\ngrow, mark and tweak your common history\n   backfill   Download missing objects in a partial clone\n   branch     List, create, or delete branches\n   commit     Record changes to the repository\n   merge      Join two or more development histories together\n   rebase     Reapply commits on top of another base tip\n   reset      Reset current HEAD to the specified state\n   switch     Switch branches\n   tag        Create, list, delete or verify a tag object signed with GPG\n\ncollaborate (see also: git help workflows)\n   fetch      Download objects and refs from another repository\n   pull       Fetch from and integrate with another repository or a local branch\n   push       Update remote refs along with associated objects\n\n'git help -a' and 'git help -g' list available subcommands and some\nconcept guides. See 'git help <command>' or 'git help <concept>'\nto read about a specific subcommand or concept.\nSee 'git help git' for an overview of the system.\n""
[0m13:53:29.287577 [debug] [MainThread]: STDERR: "b''"
[0m13:53:29.288574 [info ] [MainThread]:  - git [[32mOK found[0m]

[0m13:53:29.289337 [info ] [MainThread]: Connection test skipped since no profile was found
[0m13:53:29.290355 [info ] [MainThread]: [31m2 checks failed:[0m
[0m13:53:29.291352 [info ] [MainThread]: Could not load dbt_project.yml
Profile loading failed for the following reason:
Runtime Error
  Credentials in profile "favorita_transform", target "dev" invalid: Runtime Error
    Could not find adapter type duckdb!

Runtime Error
  Credentials in profile "instacart", target "dev" invalid: Runtime Error
    Could not find adapter type duckdb!


[0m13:53:29.292357 [info ] [MainThread]: Project loading failed for the following reason:
 project path <C:\Users\argon\Documents\Desktop Prime\Portfolio\tileset\dbt_project.yml> not found

[0m13:53:29.294357 [debug] [MainThread]: Command `dbt debug` failed at 13:53:29.294357 after 2.64 seconds
[0m13:53:29.294357 [debug] [MainThread]: Sending event: {'category': 'dbt', 'action': 'invocation', 'label': 'end', 'context': [<snowplow_tracker.self_describing_json.SelfDescribingJson object at 0x000002054F9AC510>, <snowplow_tracker.self_describing_json.SelfDescribingJson object at 0x000002055644D010>, <snowplow_tracker.self_describing_json.SelfDescribingJson object at 0x0000020578E2FED0>]}
[0m13:53:29.295356 [debug] [MainThread]: Flushing usage events
[0m13:53:29.511465 [debug] [MainThread]: An error was encountered while trying to flush usage events
